# JRE version: OpenJDK Runtime Environment Temurin-21.0.6+7 (21.0.6+7) (build 21.0.6+7-LTS)
# Java VM: OpenJDK 64-Bit Server VM Temurin-21.0.6+7 (21.0.6+7-LTS, mixed mode, sharing, tiered, compressed oops, compressed class ptrs, parallel gc, windows-amd64)
GC Precious Log:
 CardTable entry size: 512
 CPUs: 8 total, 8 available
 Memory: 7677M
 Large Page Support: Disabled
 NUMA Support: Disabled
 Compressed Oops: Enabled (32-bit)
 Alignments: Space 512K, Generation 512K, Heap 2M
 Heap Min Capacity: 100M
 Heap Initial Capacity: 100M
 Heap Max Capacity: 1G
 Pre-touch: Disabled
 Parallel Workers: 8
Heap:
 PSYoungGen      total 11776K, used 0K [0x00000000eab00000, 0x00000000eba80000, 0x0000000100000000)
  eden space 7680K, 0% used [0x00000000eab00000,0x00000000eab00000,0x00000000eb280000)
  from space 4096K, 0% used [0x00000000eb680000,0x00000000eb680000,0x00000000eba80000)
  to   space 1536K, 0% used [0x00000000eb400000,0x00000000eb400000,0x00000000eb580000)
 ParOldGen       total 462336K, used 207184K [0x00000000c0000000, 0x00000000dc380000, 0x00000000eab00000)
  object space 462336K, 44% used [0x00000000c0000000,0x00000000cca540a0,0x00000000dc380000)
 Metaspace       used 70300K, committed 71872K, reserved 1114112K
  class space    used 7813K, committed 8512K, reserved 1048576K
GC Heap History (20 events):
Event: 41.192 GC heap before
{Heap before GC invocations=319 (full 3):
 PSYoungGen      total 4096K, used 4078K [0x00000000eab00000, 0x00000000eb380000, 0x0000000100000000)
  eden space 2048K, 100% used [0x00000000eab00000,0x00000000ead00000,0x00000000ead00000)
  from space 2048K, 99% used [0x00000000ead00000,0x00000000eaefbb98,0x00000000eaf00000)
  to   space 3072K, 0% used [0x00000000eb080000,0x00000000eb080000,0x00000000eb380000)
 ParOldGen       total 398848K, used 398702K [0x00000000c0000000, 0x00000000d8580000, 0x00000000eab00000)
  object space 398848K, 99% used [0x00000000c0000000,0x00000000d855bbc8,0x00000000d8580000)
 Metaspace       used 67596K, committed 69120K, reserved 1114112K
  class space    used 7580K, committed 8192K, reserved 1048576K
}
Event: 41.199 GC heap after
{Heap after GC invocations=319 (full 3):
 PSYoungGen      total 5120K, used 2144K [0x00000000eab00000, 0x00000000eb300000, 0x0000000100000000)
  eden space 2560K, 0% used [0x00000000eab00000,0x00000000eab00000,0x00000000ead80000)
  from space 2560K, 83% used [0x00000000eb080000,0x00000000eb298040,0x00000000eb300000)
  to   space 2560K, 0% used [0x00000000eae00000,0x00000000eae00000,0x00000000eb080000)
 ParOldGen       total 400896K, used 400802K [0x00000000c0000000, 0x00000000d8780000, 0x00000000eab00000)
  object space 400896K, 99% used [0x00000000c0000000,0x00000000d8768818,0x00000000d8780000)
 Metaspace       used 67596K, committed 69120K, reserved 1114112K
  class space    used 7580K, committed 8192K, reserved 1048576K
}
Event: 41.239 GC heap before
{Heap before GC invocations=320 (full 3):
 PSYoungGen      total 5120K, used 4661K [0x00000000eab00000, 0x00000000eb300000, 0x0000000100000000)
  eden space 2560K, 98% used [0x00000000eab00000,0x00000000ead757a8,0x00000000ead80000)
  from space 2560K, 83% used [0x00000000eb080000,0x00000000eb298040,0x00000000eb300000)
  to   space 2560K, 0% used [0x00000000eae00000,0x00000000eae00000,0x00000000eb080000)
 ParOldGen       total 400896K, used 400802K [0x00000000c0000000, 0x00000000d8780000, 0x00000000eab00000)
  object space 400896K, 99% used [0x00000000c0000000,0x00000000d8768818,0x00000000d8780000)
 Metaspace       used 67604K, committed 69120K, reserved 1114112K
  class space    used 7581K, committed 8192K, reserved 1048576K
}
Event: 41.246 GC heap after
{Heap after GC invocations=320 (full 3):
 PSYoungGen      total 4608K, used 1264K [0x00000000eab00000, 0x00000000eb200000, 0x0000000100000000)
  eden space 3072K, 0% used [0x00000000eab00000,0x00000000eab00000,0x00000000eae00000)
  from space 1536K, 82% used [0x00000000eae00000,0x00000000eaf3c298,0x00000000eaf80000)
  to   space 2048K, 0% used [0x00000000eb000000,0x00000000eb000000,0x00000000eb200000)
 ParOldGen       total 402432K, used 402403K [0x00000000c0000000, 0x00000000d8900000, 0x00000000eab00000)
  object space 402432K, 99% used [0x00000000c0000000,0x00000000d88f8f30,0x00000000d8900000)
 Metaspace       used 67604K, committed 69120K, reserved 1114112K
  class space    used 7581K, committed 8192K, reserved 1048576K
}
Event: 41.307 GC heap before
{Heap before GC invocations=321 (full 3):
 PSYoungGen      total 4608K, used 4336K [0x00000000eab00000, 0x00000000eb200000, 0x0000000100000000)
  eden space 3072K, 100% used [0x00000000eab00000,0x00000000eae00000,0x00000000eae00000)
  from space 1536K, 82% used [0x00000000eae00000,0x00000000eaf3c298,0x00000000eaf80000)
  to   space 2048K, 0% used [0x00000000eb000000,0x00000000eb000000,0x00000000eb200000)
 ParOldGen       total 402432K, used 402403K [0x00000000c0000000, 0x00000000d8900000, 0x00000000eab00000)
  object space 402432K, 99% used [0x00000000c0000000,0x00000000d88f8f30,0x00000000d8900000)
 Metaspace       used 67712K, committed 69312K, reserved 1114112K
  class space    used 7602K, committed 8256K, reserved 1048576K
}
Event: 41.315 GC heap after
{Heap after GC invocations=321 (full 3):
 PSYoungGen      total 5120K, used 1587K [0x00000000eab00000, 0x00000000eb300000, 0x0000000100000000)
  eden space 3072K, 0% used [0x00000000eab00000,0x00000000eab00000,0x00000000eae00000)
  from space 2048K, 77% used [0x00000000eb000000,0x00000000eb18ce90,0x00000000eb200000)
  to   space 2048K, 0% used [0x00000000eae00000,0x00000000eae00000,0x00000000eb000000)
 ParOldGen       total 403456K, used 403212K [0x00000000c0000000, 0x00000000d8a00000, 0x00000000eab00000)
  object space 403456K, 99% used [0x00000000c0000000,0x00000000d89c31b8,0x00000000d8a00000)
 Metaspace       used 67712K, committed 69312K, reserved 1114112K
  class space    used 7602K, committed 8256K, reserved 1048576K
}
Event: 41.342 GC heap before
{Heap before GC invocations=322 (full 3):
 PSYoungGen      total 5120K, used 4631K [0x00000000eab00000, 0x00000000eb300000, 0x0000000100000000)
  eden space 3072K, 99% used [0x00000000eab00000,0x00000000eadf8eb0,0x00000000eae00000)
  from space 2048K, 77% used [0x00000000eb000000,0x00000000eb18ce90,0x00000000eb200000)
  to   space 2048K, 0% used [0x00000000eae00000,0x00000000eae00000,0x00000000eb000000)
 ParOldGen       total 403456K, used 403212K [0x00000000c0000000, 0x00000000d8a00000, 0x00000000eab00000)
  object space 403456K, 99% used [0x00000000c0000000,0x00000000d89c31b8,0x00000000d8a00000)
 Metaspace       used 67827K, committed 69376K, reserved 1114112K
  class space    used 7615K, committed 8256K, reserved 1048576K
}
Event: 41.355 GC heap after
{Heap after GC invocations=322 (full 3):
 PSYoungGen      total 5120K, used 2029K [0x00000000eab00000, 0x00000000eba00000, 0x0000000100000000)
  eden space 3072K, 0% used [0x00000000eab00000,0x00000000eab00000,0x00000000eae00000)
  from space 2048K, 99% used [0x00000000eae00000,0x00000000eaffb6b0,0x00000000eb000000)
  to   space 5632K, 0% used [0x00000000eb480000,0x00000000eb480000,0x00000000eba00000)
 ParOldGen       total 406528K, used 405990K [0x00000000c0000000, 0x00000000d8d00000, 0x00000000eab00000)
  object space 406528K, 99% used [0x00000000c0000000,0x00000000d8c798d0,0x00000000d8d00000)
 Metaspace       used 67827K, committed 69376K, reserved 1114112K
  class space    used 7615K, committed 8256K, reserved 1048576K
}
Event: 41.379 GC heap before
{Heap before GC invocations=323 (full 3):
 PSYoungGen      total 5120K, used 5101K [0x00000000eab00000, 0x00000000eba00000, 0x0000000100000000)
  eden space 3072K, 100% used [0x00000000eab00000,0x00000000eae00000,0x00000000eae00000)
  from space 2048K, 99% used [0x00000000eae00000,0x00000000eaffb6b0,0x00000000eb000000)
  to   space 5632K, 0% used [0x00000000eb480000,0x00000000eb480000,0x00000000eba00000)
 ParOldGen       total 406528K, used 405990K [0x00000000c0000000, 0x00000000d8d00000, 0x00000000eab00000)
  object space 406528K, 99% used [0x00000000c0000000,0x00000000d8c798d0,0x00000000d8d00000)
 Metaspace       used 68052K, committed 69632K, reserved 1114112K
  class space    used 7639K, committed 8256K, reserved 1048576K
}
Event: 41.398 GC heap after
{Heap after GC invocations=323 (full 3):
 PSYoungGen      total 6656K, used 2240K [0x00000000eab00000, 0x00000000eb700000, 0x0000000100000000)
  eden space 4096K, 0% used [0x00000000eab00000,0x00000000eab00000,0x00000000eaf00000)
  from space 2560K, 87% used [0x00000000eb480000,0x00000000eb6b0000,0x00000000eb700000)
  to   space 3584K, 0% used [0x00000000eb000000,0x00000000eb000000,0x00000000eb380000)
 ParOldGen       total 408064K, used 407808K [0x00000000c0000000, 0x00000000d8e80000, 0x00000000eab00000)
  object space 408064K, 99% used [0x00000000c0000000,0x00000000d8e40050,0x00000000d8e80000)
 Metaspace       used 68052K, committed 69632K, reserved 1114112K
  class space    used 7639K, committed 8256K, reserved 1048576K
}
Event: 41.444 GC heap before
{Heap before GC invocations=324 (full 3):
 PSYoungGen      total 6656K, used 6336K [0x00000000eab00000, 0x00000000eb700000, 0x0000000100000000)
  eden space 4096K, 100% used [0x00000000eab00000,0x00000000eaf00000,0x00000000eaf00000)
  from space 2560K, 87% used [0x00000000eb480000,0x00000000eb6b0000,0x00000000eb700000)
  to   space 3584K, 0% used [0x00000000eb000000,0x00000000eb000000,0x00000000eb380000)
 ParOldGen       total 408064K, used 407808K [0x00000000c0000000, 0x00000000d8e80000, 0x00000000eab00000)
  object space 408064K, 99% used [0x00000000c0000000,0x00000000d8e40050,0x00000000d8e80000)
 Metaspace       used 68502K, committed 70016K, reserved 1114112K
  class space    used 7683K, committed 8320K, reserved 1048576K
}
Event: 41.462 GC heap after
{Heap after GC invocations=324 (full 3):
 PSYoungGen      total 8704K, used 832K [0x00000000eab00000, 0x00000000eb500000, 0x0000000100000000)
  eden space 5120K, 0% used [0x00000000eab00000,0x00000000eab00000,0x00000000eb000000)
  from space 3584K, 23% used [0x00000000eb000000,0x00000000eb0d0000,0x00000000eb380000)
  to   space 1536K, 0% used [0x00000000eb380000,0x00000000eb380000,0x00000000eb500000)
 ParOldGen       total 410112K, used 409888K [0x00000000c0000000, 0x00000000d9080000, 0x00000000eab00000)
  object space 410112K, 99% used [0x00000000c0000000,0x00000000d9048050,0x00000000d9080000)
 Metaspace       used 68502K, committed 70016K, reserved 1114112K
  class space    used 7683K, committed 8320K, reserved 1048576K
}
Event: 41.548 GC heap before
{Heap before GC invocations=325 (full 3):
 PSYoungGen      total 8704K, used 5952K [0x00000000eab00000, 0x00000000eb500000, 0x0000000100000000)
  eden space 5120K, 100% used [0x00000000eab00000,0x00000000eb000000,0x00000000eb000000)
  from space 3584K, 23% used [0x00000000eb000000,0x00000000eb0d0000,0x00000000eb380000)
  to   space 1536K, 0% used [0x00000000eb380000,0x00000000eb380000,0x00000000eb500000)
 ParOldGen       total 410112K, used 409888K [0x00000000c0000000, 0x00000000d9080000, 0x00000000eab00000)
  object space 410112K, 99% used [0x00000000c0000000,0x00000000d9048050,0x00000000d9080000)
 Metaspace       used 69091K, committed 70592K, reserved 1114112K
  class space    used 7731K, committed 8384K, reserved 1048576K
}
Event: 41.555 GC heap after
{Heap after GC invocations=325 (full 3):
 PSYoungGen      total 7168K, used 544K [0x00000000eab00000, 0x00000000eb480000, 0x0000000100000000)
  eden space 6144K, 0% used [0x00000000eab00000,0x00000000eab00000,0x00000000eb100000)
  from space 1024K, 53% used [0x00000000eb380000,0x00000000eb408020,0x00000000eb480000)
  to   space 1024K, 0% used [0x00000000eb280000,0x00000000eb280000,0x00000000eb380000)
 ParOldGen       total 411136K, used 410656K [0x00000000c0000000, 0x00000000d9180000, 0x00000000eab00000)
  object space 411136K, 99% used [0x00000000c0000000,0x00000000d9108050,0x00000000d9180000)
 Metaspace       used 69091K, committed 70592K, reserved 1114112K
  class space    used 7731K, committed 8384K, reserved 1048576K
}
Event: 41.674 GC heap before
{Heap before GC invocations=326 (full 3):
 PSYoungGen      total 7168K, used 6281K [0x00000000eab00000, 0x00000000eb480000, 0x0000000100000000)
  eden space 6144K, 93% used [0x00000000eab00000,0x00000000eb09a4d8,0x00000000eb100000)
  from space 1024K, 53% used [0x00000000eb380000,0x00000000eb408020,0x00000000eb480000)
  to   space 1024K, 0% used [0x00000000eb280000,0x00000000eb280000,0x00000000eb380000)
 ParOldGen       total 411136K, used 410656K [0x00000000c0000000, 0x00000000d9180000, 0x00000000eab00000)
  object space 411136K, 99% used [0x00000000c0000000,0x00000000d9108050,0x00000000d9180000)
 Metaspace       used 69307K, committed 70912K, reserved 1114112K
  class space    used 7742K, committed 8384K, reserved 1048576K
}
Event: 41.713 GC heap after
{Heap after GC invocations=326 (full 3):
 PSYoungGen      total 8704K, used 999K [0x00000000eab00000, 0x00000000eba80000, 0x0000000100000000)
  eden space 7680K, 0% used [0x00000000eab00000,0x00000000eab00000,0x00000000eb280000)
  from space 1024K, 97% used [0x00000000eb280000,0x00000000eb379ff8,0x00000000eb380000)
  to   space 4096K, 0% used [0x00000000eb680000,0x00000000eb680000,0x00000000eba80000)
 ParOldGen       total 413184K, used 412912K [0x00000000c0000000, 0x00000000d9380000, 0x00000000eab00000)
  object space 413184K, 99% used [0x00000000c0000000,0x00000000d933c310,0x00000000d9380000)
 Metaspace       used 69307K, committed 70912K, reserved 1114112K
  class space    used 7742K, committed 8384K, reserved 1048576K
}
Event: 41.824 GC heap before
{Heap before GC invocations=327 (full 3):
 PSYoungGen      total 8704K, used 8679K [0x00000000eab00000, 0x00000000eba80000, 0x0000000100000000)
  eden space 7680K, 100% used [0x00000000eab00000,0x00000000eb280000,0x00000000eb280000)
  from space 1024K, 97% used [0x00000000eb280000,0x00000000eb379ff8,0x00000000eb380000)
  to   space 4096K, 0% used [0x00000000eb680000,0x00000000eb680000,0x00000000eba80000)
 ParOldGen       total 420864K, used 420572K [0x00000000c0000000, 0x00000000d9b00000, 0x00000000eab00000)
  object space 420864K, 99% used [0x00000000c0000000,0x00000000d9ab7320,0x00000000d9b00000)
 Metaspace       used 69320K, committed 70912K, reserved 1114112K
  class space    used 7744K, committed 8384K, reserved 1048576K
}
Event: 41.828 GC heap after
{Heap after GC invocations=327 (full 3):
 PSYoungGen      total 8192K, used 384K [0x00000000eab00000, 0x00000000eb700000, 0x0000000100000000)
  eden space 7680K, 0% used [0x00000000eab00000,0x00000000eab00000,0x00000000eb280000)
  from space 512K, 75% used [0x00000000eb680000,0x00000000eb6e0020,0x00000000eb700000)
  to   space 1536K, 0% used [0x00000000eb400000,0x00000000eb400000,0x00000000eb580000)
 ParOldGen       total 421376K, used 420906K [0x00000000c0000000, 0x00000000d9b80000, 0x00000000eab00000)
  object space 421376K, 99% used [0x00000000c0000000,0x00000000d9b0a870,0x00000000d9b80000)
 Metaspace       used 69320K, committed 70912K, reserved 1114112K
  class space    used 7744K, committed 8384K, reserved 1048576K
}
Event: 42.173 GC heap before
{Heap before GC invocations=328 (full 3):
 PSYoungGen      total 8192K, used 8064K [0x00000000eab00000, 0x00000000eb700000, 0x0000000100000000)
  eden space 7680K, 100% used [0x00000000eab00000,0x00000000eb280000,0x00000000eb280000)
  from space 512K, 75% used [0x00000000eb680000,0x00000000eb6e0020,0x00000000eb700000)
  to   space 1536K, 0% used [0x00000000eb400000,0x00000000eb400000,0x00000000eb580000)
 ParOldGen       total 459264K, used 458244K [0x00000000c0000000, 0x00000000dc080000, 0x00000000eab00000)
  object space 459264K, 99% used [0x00000000c0000000,0x00000000dbf813c0,0x00000000dc080000)
 Metaspace       used 69862K, committed 71424K, reserved 1114112K
  class space    used 7777K, committed 8448K, reserved 1048576K
}
Event: 42.181 GC heap after
{Heap after GC invocations=328 (full 3):
 PSYoungGen      total 9216K, used 1520K [0x00000000eab00000, 0x00000000eba80000, 0x0000000100000000)
  eden space 7680K, 0% used [0x00000000eab00000,0x00000000eab00000,0x00000000eb280000)
  from space 1536K, 98% used [0x00000000eb400000,0x00000000eb57c010,0x00000000eb580000)
  to   space 4096K, 0% used [0x00000000eb680000,0x00000000eb680000,0x00000000eba80000)
 ParOldGen       total 460288K, used 459887K [0x00000000c0000000, 0x00000000dc180000, 0x00000000eab00000)
  object space 460288K, 99% used [0x00000000c0000000,0x00000000dc11be20,0x00000000dc180000)
 Metaspace       used 69862K, committed 71424K, reserved 1114112K
  class space    used 7777K, committed 8448K, reserved 1048576K
}

